<?xml version="1.0" encoding="UTF-8"?>
<coverage generated="1554425475851" clover="3.2.0">
  <project timestamp="1554425475851" name="All files">
    <metrics statements="15" coveredstatements="6" conditionals="0" coveredconditionals="0" methods="2" coveredmethods="2" elements="17" coveredelements="8" complexity="0" loc="15" ncloc="15" packages="1" files="2" classes="2"/>
    <file name="optionService.ts" path="/home/tony/Developer/jpegasus/src/services/optionService.ts">
      <metrics statements="3" coveredstatements="3" conditionals="0" coveredconditionals="0" methods="1" coveredmethods="1"/>
      <line num="3" count="1" type="stmt"/>
      <line num="4" count="3" type="stmt"/>
      <line num="12" count="1" type="stmt"/>
    </file>
    <file name="windowService.ts" path="/home/tony/Developer/jpegasus/src/services/windowService.ts">
      <metrics statements="12" coveredstatements="3" conditionals="0" coveredconditionals="0" methods="1" coveredmethods="1"/>
      <line num="1" count="1" type="stmt"/>
      <line num="2" count="1" type="stmt"/>
      <line num="3" count="0" type="stmt"/>
      <line num="5" count="0" type="stmt"/>
      <line num="6" count="0" type="stmt"/>
      <line num="8" count="0" type="stmt"/>
      <line num="10" count="0" type="stmt"/>
      <line num="11" count="0" type="stmt"/>
      <line num="14" count="0" type="stmt"/>
      <line num="17" count="0" type="stmt"/>
      <line num="20" count="0" type="stmt"/>
      <line num="23" count="1" type="stmt"/>
    </file>
  </project>
</coverage>
